<?xml version="1.0" encoding="UTF-8"?>
<testng-results skipped="0" failed="0" ignored="0" total="1" passed="1">
  <reporter-output>
  </reporter-output>
  <suite name="Default suite" duration-ms="12118" started-at="2021-02-08T23:15:52 IST" finished-at="2021-02-08T23:16:04 IST">
    <groups>
    </groups>
    <test name="Default test" duration-ms="12118" started-at="2021-02-08T23:15:52 IST" finished-at="2021-02-08T23:16:04 IST">
      <class name="tests.XMLSchemaValidation">
        <test-method status="PASS" signature="schemValidation()[pri:0, instance:tests.XMLSchemaValidation@3b088d51]" name="schemValidation" duration-ms="12039" started-at="2021-02-08T23:15:52 IST" finished-at="2021-02-08T23:16:04 IST">
          <reporter-output>
          </reporter-output>
        </test-method> <!-- schemValidation -->
      </class> <!-- tests.XMLSchemaValidation -->
    </test> <!-- Default test -->
  </suite> <!-- Default suite -->
</testng-results>
